[03:05:09] [ServerMain/INFO]: Environment: authHost='https://authserver.mojang.com', accountsHost='https://api.mojang.com', sessionHost='https://sessionserver.mojang.com', servicesHost='https://api.minecraftservices.com', name='PROD'
[03:05:09] [ServerMain/WARN]: Missing data pack mod:forge
[03:05:09] [ServerMain/INFO]: Found new data pack file/bukkit, loading it automatically
[03:05:11] [ServerMain/INFO]: Loaded 7 recipes
[03:05:11] [Server thread/INFO]: Starting minecraft server version 1.20.1
[03:05:11] [Server thread/INFO]: Loading properties
[03:05:11] [Server thread/INFO]: This server is running Paper version git-Paper-196 (MC: 1.20.1) (Implementing API version 1.20.1-R0.1-SNAPSHOT) (Git: 773dd72)
[03:05:12] [Server thread/INFO]: Server Ping Player Sample Count: 12
[03:05:12] [Server thread/INFO]: Using 4 threads for Netty based IO
[03:05:12] [Server thread/INFO]: [ChunkTaskScheduler] Chunk system is using 1 I/O threads, 1 worker threads, and gen parallelism of 1 threads
[03:05:12] [Server thread/WARN]: [!] The timings profiler has been enabled but has been scheduled for removal from Paper in the future.
    We recommend installing the spark profiler as a replacement: https://spark.lucko.me/
    For more information please visit: https://github.com/PaperMC/Paper/issues/8948
[03:05:12] [Server thread/INFO]: Default game type: SURVIVAL
[03:05:12] [Server thread/INFO]: Generating keypair
[03:05:12] [Server thread/INFO]: Starting Minecraft server on *:25565
[03:05:12] [Server thread/INFO]: Using epoll channel type
[03:05:13] [Server thread/INFO]: Paper: Using libdeflate (Linux x86_64) compression from Velocity.
[03:05:13] [Server thread/INFO]: Paper: Using OpenSSL 3.0.x (Linux x86_64) cipher from Velocity.
[03:05:13] [Server thread/WARN]: **** SERVER IS RUNNING IN OFFLINE/INSECURE MODE!
[03:05:13] [Server thread/WARN]: The server will make no attempt to authenticate usernames. Beware.
[03:05:13] [Server thread/WARN]: While this makes the game possible to play without internet access, it also opens up the ability for hackers to connect with any username they choose.
[03:05:13] [Server thread/WARN]: To change this, set "online-mode" to "true" in the server.properties file.
[03:05:13] [Server thread/INFO]: Preparing level "world"
[03:05:13] [Server thread/INFO]: ---- Migration of old nether folder required ----
[03:05:13] [Server thread/INFO]: Unfortunately due to the way that Minecraft implemented multiworld support in 1.6, Bukkit requires that you move your nether folder to a new location in order to operate correctly.
[03:05:13] [Server thread/INFO]: We will move this folder for you, but it will mean that you need to move it back should you wish to stop using Bukkit in the future.
[03:05:13] [Server thread/INFO]: Attempting to move world/DIM-1 to world_nether/DIM-1...
[03:05:13] [Server thread/INFO]: Success! To restore nether in the future, simply move world_nether/DIM-1 to world/DIM-1
[03:05:13] [Server thread/INFO]: ---- Migration of old nether folder complete ----
[03:05:13] [Server thread/INFO]: ---- Migration of old the_end folder required ----
[03:05:13] [Server thread/INFO]: Unfortunately due to the way that Minecraft implemented multiworld support in 1.6, Bukkit requires that you move your the_end folder to a new location in order to operate correctly.
[03:05:13] [Server thread/INFO]: We will move this folder for you, but it will mean that you need to move it back should you wish to stop using Bukkit in the future.
[03:05:13] [Server thread/INFO]: Attempting to move world/DIM1 to world_the_end/DIM1...
[03:05:13] [Server thread/INFO]: Success! To restore the_end in the future, simply move world_the_end/DIM1 to world/DIM1
[03:05:13] [Server thread/INFO]: ---- Migration of old the_end folder complete ----
[03:05:13] [Server thread/INFO]: Preparing start region for dimension minecraft:overworld
[03:05:13] [Server thread/INFO]: Time elapsed: 306 ms
[03:05:13] [Server thread/INFO]: Preparing start region for dimension minecraft:the_nether
[03:05:14] [Server thread/INFO]: Time elapsed: 94 ms
[03:05:14] [Server thread/INFO]: Preparing start region for dimension minecraft:the_end
[03:05:14] [Server thread/INFO]: Time elapsed: 66 ms
[03:05:14] [Server thread/INFO]: Running delayed init tasks
[03:05:14] [Server thread/INFO]: Done (2.449s)! For help, type "help"
[03:05:14] [Server thread/INFO]: Timings Reset
[03:05:14] [Server thread/INFO]: Unknown command. Type "/help" for help.
[03:05:15] [Server thread/WARN]: Ignoring unknown attribute 'forge:step_height_addition'
[03:05:15] [Server thread/WARN]: Ignoring unknown attribute 'forge:entity_gravity'
[03:05:15] [Server thread/WARN]: Ignoring unknown attribute 'forge:step_height_addition'
[03:05:15] [Server thread/WARN]: Ignoring unknown attribute 'forge:entity_gravity'
[03:05:15] [Server thread/WARN]: Ignoring unknown attribute 'forge:step_height_addition'
[03:05:15] [Server thread/WARN]: Ignoring unknown attribute 'forge:entity_gravity'
[03:05:15] [Server thread/WARN]: Ignoring unknown attribute 'forge:step_height_addition'
[03:05:15] [Server thread/WARN]: Ignoring unknown attribute 'forge:entity_gravity'
[03:05:15] [Server thread/WARN]: Ignoring unknown attribute 'forge:step_height_addition'
[03:05:15] [Server thread/WARN]: Ignoring unknown attribute 'forge:entity_gravity'
[03:05:15] [Server thread/WARN]: Ignoring unknown attribute 'forge:step_height_addition'
[03:05:15] [Server thread/WARN]: Ignoring unknown attribute 'forge:entity_gravity'
[03:05:15] [Server thread/WARN]: Ignoring unknown attribute 'forge:step_height_addition'
[03:05:15] [Server thread/WARN]: Ignoring unknown attribute 'forge:entity_gravity'
[03:05:15] [Server thread/WARN]: Ignoring unknown attribute 'forge:step_height_addition'
[03:05:15] [Server thread/WARN]: Ignoring unknown attribute 'forge:entity_gravity'
[03:05:15] [Server thread/WARN]: Ignoring unknown attribute 'forge:step_height_addition'
[03:05:15] [Server thread/WARN]: Ignoring unknown attribute 'forge:entity_gravity'
[03:05:16] [Server thread/WARN]: Ignoring unknown attribute 'forge:step_height_addition'
[03:05:16] [Server thread/WARN]: Ignoring unknown attribute 'forge:entity_gravity'
[03:05:16] [Server thread/WARN]: Ignoring unknown attribute 'forge:step_height_addition'
[03:05:16] [Server thread/WARN]: Ignoring unknown attribute 'forge:entity_gravity'
[03:05:16] [Server thread/WARN]: Ignoring unknown attribute 'forge:step_height_addition'
[03:05:16] [Server thread/WARN]: Ignoring unknown attribute 'forge:entity_gravity'
[03:05:16] [Server thread/WARN]: Ignoring unknown attribute 'forge:step_height_addition'
[03:05:16] [Server thread/WARN]: Ignoring unknown attribute 'forge:entity_gravity'
[03:05:16] [Server thread/WARN]: Ignoring unknown attribute 'forge:step_height_addition'
[03:05:16] [Server thread/WARN]: Ignoring unknown attribute 'forge:entity_gravity'
[03:05:16] [Server thread/WARN]: Ignoring unknown attribute 'forge:step_height_addition'
[03:05:16] [Server thread/WARN]: Ignoring unknown attribute 'forge:entity_gravity'
[03:05:16] [Server thread/WARN]: Ignoring unknown attribute 'forge:step_height_addition'
[03:05:16] [Server thread/WARN]: Ignoring unknown attribute 'forge:entity_gravity'
[03:05:16] [Server thread/WARN]: Ignoring unknown attribute 'forge:step_height_addition'
[03:05:16] [Server thread/WARN]: Ignoring unknown attribute 'forge:entity_gravity'
[03:05:16] [Server thread/WARN]: Ignoring unknown attribute 'forge:step_height_addition'
[03:05:16] [Server thread/WARN]: Ignoring unknown attribute 'forge:entity_gravity'
[03:05:16] [Server thread/WARN]: Ignoring unknown attribute 'forge:step_height_addition'
[03:05:16] [Server thread/WARN]: Ignoring unknown attribute 'forge:entity_gravity'
[03:05:16] [Server thread/WARN]: Ignoring unknown attribute 'forge:step_height_addition'
[03:05:16] [Server thread/WARN]: Ignoring unknown attribute 'forge:entity_gravity'
[03:05:17] [Server thread/WARN]: Ignoring unknown attribute 'forge:step_height_addition'
[03:05:17] [Server thread/WARN]: Ignoring unknown attribute 'forge:entity_gravity'
[03:05:17] [Server thread/WARN]: Ignoring unknown attribute 'forge:step_height_addition'
[03:05:17] [Server thread/WARN]: Ignoring unknown attribute 'forge:entity_gravity'
[03:05:17] [Server thread/WARN]: Ignoring unknown attribute 'forge:step_height_addition'
[03:05:17] [Server thread/WARN]: Ignoring unknown attribute 'forge:entity_gravity'
[03:05:17] [Server thread/WARN]: Ignoring unknown attribute 'forge:step_height_addition'
[03:05:17] [Server thread/WARN]: Ignoring unknown attribute 'forge:entity_gravity'
[03:05:17] [Server thread/WARN]: Ignoring unknown attribute 'forge:step_height_addition'
[03:05:17] [Server thread/WARN]: Ignoring unknown attribute 'forge:entity_gravity'
[03:05:18] [Server thread/WARN]: Ignoring unknown attribute 'forge:step_height_addition'
[03:05:18] [Server thread/WARN]: Ignoring unknown attribute 'forge:entity_gravity'
[03:05:18] [Server thread/WARN]: Ignoring unknown attribute 'forge:step_height_addition'
[03:05:18] [Server thread/WARN]: Ignoring unknown attribute 'forge:entity_gravity'
[03:05:18] [Server thread/WARN]: Ignoring unknown attribute 'forge:step_height_addition'
[03:05:18] [Server thread/WARN]: Ignoring unknown attribute 'forge:entity_gravity'
[03:05:18] [Server thread/WARN]: Ignoring unknown attribute 'forge:step_height_addition'
[03:05:18] [Server thread/WARN]: Ignoring unknown attribute 'forge:entity_gravity'
[03:05:18] [Server thread/WARN]: Ignoring unknown attribute 'forge:step_height_addition'
[03:05:18] [Server thread/WARN]: Ignoring unknown attribute 'forge:entity_gravity'
[03:05:18] [Server thread/WARN]: Ignoring unknown attribute 'forge:step_height_addition'
[03:05:18] [Server thread/WARN]: Ignoring unknown attribute 'forge:entity_gravity'
[03:05:18] [Server thread/WARN]: Ignoring unknown attribute 'forge:step_height_addition'
[03:05:18] [Server thread/WARN]: Ignoring unknown attribute 'forge:entity_gravity'
[03:05:18] [Server thread/WARN]: Ignoring unknown attribute 'forge:step_height_addition'
[03:05:18] [Server thread/WARN]: Ignoring unknown attribute 'forge:entity_gravity'
[03:05:18] [Server thread/WARN]: Ignoring unknown attribute 'forge:step_height_addition'
[03:05:18] [Server thread/WARN]: Ignoring unknown attribute 'forge:entity_gravity'
[03:05:18] [Server thread/WARN]: Ignoring unknown attribute 'forge:step_height_addition'
[03:05:18] [Server thread/WARN]: Ignoring unknown attribute 'forge:entity_gravity'
[03:05:18] [Server thread/WARN]: Ignoring unknown attribute 'forge:step_height_addition'
[03:05:18] [Server thread/WARN]: Ignoring unknown attribute 'forge:entity_gravity'
[03:05:18] [Server thread/WARN]: Ignoring unknown attribute 'forge:step_height_addition'
[03:05:18] [Server thread/WARN]: Ignoring unknown attribute 'forge:entity_gravity'
[03:05:18] [Server thread/WARN]: Ignoring unknown attribute 'forge:step_height_addition'
[03:05:18] [Server thread/WARN]: Ignoring unknown attribute 'forge:entity_gravity'
[03:05:18] [Server thread/WARN]: Ignoring unknown attribute 'forge:step_height_addition'
[03:05:18] [Server thread/WARN]: Ignoring unknown attribute 'forge:entity_gravity'
[03:05:18] [Server thread/WARN]: Ignoring unknown attribute 'forge:step_height_addition'
[03:05:18] [Server thread/WARN]: Ignoring unknown attribute 'forge:entity_gravity'
[03:05:18] [Server thread/WARN]: Ignoring unknown attribute 'forge:step_height_addition'
[03:05:18] [Server thread/WARN]: Ignoring unknown attribute 'forge:entity_gravity'
[03:05:18] [Server thread/WARN]: Ignoring unknown attribute 'forge:step_height_addition'
[03:05:18] [Server thread/WARN]: Ignoring unknown attribute 'forge:entity_gravity'
[03:05:18] [Server thread/WARN]: Ignoring unknown attribute 'forge:step_height_addition'
[03:05:18] [Server thread/WARN]: Ignoring unknown attribute 'forge:entity_gravity'
[03:05:19] [Server thread/WARN]: Ignoring unknown attribute 'forge:step_height_addition'
[03:05:19] [Server thread/WARN]: Ignoring unknown attribute 'forge:entity_gravity'
[03:05:19] [Server thread/WARN]: Ignoring unknown attribute 'forge:step_height_addition'
[03:05:19] [Server thread/WARN]: Ignoring unknown attribute 'forge:entity_gravity'
[03:05:19] [Server thread/WARN]: Ignoring unknown attribute 'forge:step_height_addition'
[03:05:19] [Server thread/WARN]: Ignoring unknown attribute 'forge:entity_gravity'
[03:05:19] [Server thread/WARN]: Ignoring unknown attribute 'forge:step_height_addition'
[03:05:19] [Server thread/WARN]: Ignoring unknown attribute 'forge:entity_gravity'
[03:05:19] [Server thread/WARN]: Ignoring unknown attribute 'forge:step_height_addition'
[03:05:19] [Server thread/WARN]: Ignoring unknown attribute 'forge:entity_gravity'
[03:05:19] [Server thread/WARN]: Ignoring unknown attribute 'forge:step_height_addition'
[03:05:19] [Server thread/WARN]: Ignoring unknown attribute 'forge:entity_gravity'
[03:05:19] [Server thread/WARN]: Ignoring unknown attribute 'forge:step_height_addition'
[03:05:19] [Server thread/WARN]: Ignoring unknown attribute 'forge:entity_gravity'
[03:05:19] [Server thread/WARN]: Ignoring unknown attribute 'forge:step_height_addition'
[03:05:19] [Server thread/WARN]: Ignoring unknown attribute 'forge:entity_gravity'
[03:05:19] [Server thread/WARN]: Ignoring unknown attribute 'forge:step_height_addition'
[03:05:19] [Server thread/WARN]: Ignoring unknown attribute 'forge:entity_gravity'
[03:05:19] [Server thread/WARN]: Ignoring unknown attribute 'forge:step_height_addition'
[03:05:19] [Server thread/WARN]: Ignoring unknown attribute 'forge:entity_gravity'
[03:05:19] [Server thread/WARN]: Ignoring unknown attribute 'forge:step_height_addition'
[03:05:19] [Server thread/WARN]: Ignoring unknown attribute 'forge:entity_gravity'
[03:05:19] [Server thread/WARN]: Ignoring unknown attribute 'forge:step_height_addition'
[03:05:19] [Server thread/WARN]: Ignoring unknown attribute 'forge:entity_gravity'
[03:05:19] [Server thread/WARN]: Ignoring unknown attribute 'forge:step_height_addition'
[03:05:19] [Server thread/WARN]: Ignoring unknown attribute 'forge:entity_gravity'
[03:05:19] [Server thread/WARN]: Ignoring unknown attribute 'forge:step_height_addition'
[03:05:19] [Server thread/WARN]: Ignoring unknown attribute 'forge:entity_gravity'
[03:05:19] [Server thread/WARN]: Ignoring unknown attribute 'forge:step_height_addition'
[03:05:19] [Server thread/WARN]: Ignoring unknown attribute 'forge:entity_gravity'
[03:05:19] [Server thread/WARN]: Ignoring unknown attribute 'forge:step_height_addition'
[03:05:19] [Server thread/WARN]: Ignoring unknown attribute 'forge:entity_gravity'
[03:05:19] [Server thread/WARN]: Ignoring unknown attribute 'forge:step_height_addition'
[03:05:19] [Server thread/WARN]: Ignoring unknown attribute 'forge:entity_gravity'
[03:05:19] [Server thread/WARN]: Ignoring unknown attribute 'forge:step_height_addition'
[03:05:19] [Server thread/WARN]: Ignoring unknown attribute 'forge:entity_gravity'
[03:05:20] [Server thread/WARN]: Ignoring unknown attribute 'forge:step_height_addition'
[03:05:20] [Server thread/WARN]: Ignoring unknown attribute 'forge:entity_gravity'
[03:05:20] [Server thread/WARN]: Ignoring unknown attribute 'forge:step_height_addition'
[03:05:20] [Server thread/WARN]: Ignoring unknown attribute 'forge:entity_gravity'
[03:05:20] [Server thread/WARN]: Ignoring unknown attribute 'forge:step_height_addition'
[03:05:20] [Server thread/WARN]: Ignoring unknown attribute 'forge:entity_gravity'
[03:05:20] [Server thread/WARN]: Ignoring unknown attribute 'forge:step_height_addition'
[03:05:20] [Server thread/WARN]: Ignoring unknown attribute 'forge:entity_gravity'
[03:05:20] [Server thread/WARN]: Ignoring unknown attribute 'forge:step_height_addition'
[03:05:20] [Server thread/WARN]: Ignoring unknown attribute 'forge:entity_gravity'
[03:05:20] [Server thread/WARN]: Ignoring unknown attribute 'forge:step_height_addition'
[03:05:20] [Server thread/WARN]: Ignoring unknown attribute 'forge:entity_gravity'
[03:05:20] [Server thread/WARN]: Ignoring unknown attribute 'forge:step_height_addition'
[03:05:20] [Server thread/WARN]: Ignoring unknown attribute 'forge:entity_gravity'
[03:05:20] [Server thread/WARN]: Ignoring unknown attribute 'forge:step_height_addition'
[03:05:20] [Server thread/WARN]: Ignoring unknown attribute 'forge:entity_gravity'
[03:05:20] [Server thread/WARN]: Ignoring unknown attribute 'forge:step_height_addition'
[03:05:20] [Server thread/WARN]: Ignoring unknown attribute 'forge:entity_gravity'
[03:05:20] [Server thread/WARN]: Ignoring unknown attribute 'forge:step_height_addition'
[03:05:20] [Server thread/WARN]: Ignoring unknown attribute 'forge:entity_gravity'
[03:05:20] [Server thread/WARN]: Ignoring unknown attribute 'forge:step_height_addition'
[03:05:20] [Server thread/WARN]: Ignoring unknown attribute 'forge:entity_gravity'
[03:05:20] [Server thread/WARN]: Ignoring unknown attribute 'forge:step_height_addition'
[03:05:20] [Server thread/WARN]: Ignoring unknown attribute 'forge:entity_gravity'
[03:05:21] [Server thread/WARN]: Ignoring unknown attribute 'forge:step_height_addition'
[03:05:21] [Server thread/WARN]: Ignoring unknown attribute 'forge:entity_gravity'
[03:05:21] [Server thread/WARN]: Ignoring unknown attribute 'forge:step_height_addition'
[03:05:21] [Server thread/WARN]: Ignoring unknown attribute 'forge:entity_gravity'
[03:05:21] [Server thread/WARN]: Ignoring unknown attribute 'forge:step_height_addition'
[03:05:21] [Server thread/WARN]: Ignoring unknown attribute 'forge:entity_gravity'
[03:05:21] [Server thread/WARN]: Ignoring unknown attribute 'forge:step_height_addition'
[03:05:21] [Server thread/WARN]: Ignoring unknown attribute 'forge:entity_gravity'
[03:05:21] [Server thread/WARN]: Ignoring unknown attribute 'forge:step_height_addition'
[03:05:21] [Server thread/WARN]: Ignoring unknown attribute 'forge:entity_gravity'
[03:05:21] [Server thread/WARN]: Ignoring unknown attribute 'forge:step_height_addition'
[03:05:21] [Server thread/WARN]: Ignoring unknown attribute 'forge:entity_gravity'
[03:05:21] [Server thread/WARN]: Ignoring unknown attribute 'forge:step_height_addition'
[03:05:21] [Server thread/WARN]: Ignoring unknown attribute 'forge:entity_gravity'
[03:05:21] [Server thread/WARN]: Ignoring unknown attribute 'forge:step_height_addition'
[03:05:21] [Server thread/WARN]: Ignoring unknown attribute 'forge:entity_gravity'
[03:05:21] [Server thread/WARN]: Ignoring unknown attribute 'forge:step_height_addition'
[03:05:21] [Server thread/WARN]: Ignoring unknown attribute 'forge:entity_gravity'
[03:05:21] [Server thread/WARN]: Ignoring unknown attribute 'forge:step_height_addition'
[03:05:21] [Server thread/WARN]: Ignoring unknown attribute 'forge:entity_gravity'
[03:05:21] [Server thread/WARN]: Ignoring unknown attribute 'forge:step_height_addition'
[03:05:21] [Server thread/WARN]: Ignoring unknown attribute 'forge:entity_gravity'
[03:05:21] [Server thread/WARN]: Ignoring unknown attribute 'forge:step_height_addition'
[03:05:21] [Server thread/WARN]: Ignoring unknown attribute 'forge:entity_gravity'
[03:05:21] [Server thread/WARN]: Ignoring unknown attribute 'forge:step_height_addition'
[03:05:21] [Server thread/WARN]: Ignoring unknown attribute 'forge:entity_gravity'
[03:05:21] [Server thread/WARN]: Ignoring unknown attribute 'forge:step_height_addition'
[03:05:21] [Server thread/WARN]: Ignoring unknown attribute 'forge:entity_gravity'
[03:05:21] [Server thread/WARN]: Ignoring unknown attribute 'forge:step_height_addition'
[03:05:21] [Server thread/WARN]: Ignoring unknown attribute 'forge:entity_gravity'
[03:05:21] [Server thread/WARN]: Ignoring unknown attribute 'forge:step_height_addition'
[03:05:21] [Server thread/WARN]: Ignoring unknown attribute 'forge:entity_gravity'
[03:05:21] [Server thread/WARN]: Ignoring unknown attribute 'forge:step_height_addition'
[03:05:21] [Server thread/WARN]: Ignoring unknown attribute 'forge:entity_gravity'
[03:06:42] [User Authenticator #0/INFO]: UUID of player CarlitosBot1 is 6faa0202-f8c3-363a-aada-a5b79390343a
[03:06:42] [Server thread/INFO]: CarlitosBot1 joined the game
[03:06:42] [Server thread/INFO]: CarlitosBot1[/127.142.62.251:41481] logged in with entity id 246 at ([world]-0.5, 77.0, 2.5)
[03:07:59] [User Authenticator #1/INFO]: UUID of player inwxke is 33d0e57b-3179-384c-889f-2cecc2fe1459
[03:07:59] [Server thread/INFO]: inwxke joined the game
[03:07:59] [Server thread/INFO]: inwxke[/127.149.221.102:60763] logged in with entity id 475 at ([world]7.5, 68.0, 0.5)
[03:08:24] [Server thread/INFO]: inwxke lost connection: Disconnected
[03:08:24] [Server thread/INFO]: inwxke left the game
[03:09:36] [User Authenticator #2/INFO]: UUID of player inwxke is 33d0e57b-3179-384c-889f-2cecc2fe1459
[03:09:36] [Server thread/INFO]: inwxke joined the game
[03:09:36] [Server thread/INFO]: inwxke[/127.149.221.102:58549] logged in with entity id 695 at ([world]7.14264497606837, 71.0, -4.150387576745323)
[03:09:51] [Async Chat Thread - #1/INFO]: [Not Secure] <inwxke> hola
[03:10:10] [Server thread/INFO]: CarlitosBot1 issued server command: /op Carlitos
[03:10:11] [Server thread/INFO]: inwxke issued server command: /op
[03:12:42] [Server thread/INFO]: Unknown command. Type "/help" for help.
[03:13:19] [Server thread/INFO]: Unknown command. Type "/help" for help.
